
[Jan 16 2019, 07:17:58]
    Starting SMIT

(Menu screen selected,
	FastPath    = "nim_master",
	id_seq_num  = "",
	next_id     = "nim_master",
	title       = "".)

(Menu screen selected,
	FastPath    = "nim_admin",
	id_seq_num  = "030",
	next_id     = "nim_admin",
	title       = "Perform NIM Administration Tasks".)

(Menu screen selected,
	FastPath    = "nim_res",
	id_seq_num  = "040",
	next_id     = "nim_res",
	title       = "Manage Resources".)

(Dialogue screen selected,
	FastPath    = "nim_lsres",
	id          = "nim_lsres",
	title       = "List All Network Install Resources".)


[Jan 16 2019, 07:18:16]

    Command_to_Execute follows below:
>> lsres()
{
	lsnim ${1:--c resources} 
	exit $?
}
lsres -t'mksysb'


    Output from Command_to_Execute follows below:

---- start ----

tspr1d01-mksysb           resources       mksysb
paerdb99-mksysb           resources       mksysb
pgdmr057_mksysb           resources       mksysb
atlasdr_mksysb            resources       mksysb
paarfs01-mksysb           resources       mksysb
pgdmr055_mksysb           resources       mksysb
vios-2-2-3-3-mksysb       resources       mksysb
peerap98-mksysb           resources       mksysb
vio-2-2-3-52              resources       mksysb
pocafasv02-mksysb         resources       mksysb
pocafasv04-mksysb         resources       mksysb
unixsandbox1-mksysb       resources       mksysb
taglk055-mksysb           resources       mksysb
qeerap01-mksysb           resources       mksysb
qgscdb01-mksysb           resources       mksysb
dagi3p01-mksysb           resources       mksysb
pgsnap01-mksysb           resources       mksysb
deerdb98-mksysb           resources       mksysb
deerdb99-mksysb           resources       mksysb
taitc109_mksysb           resources       mksysb
vios-2-2-4-0-mksysb       resources       mksysb
dggwdb01-mksysb           resources       mksysb
xaerdb01-mksysb           resources       mksysb
qggwdb01-mksysb           resources       mksysb
xeerap02-mksysb           resources       mksysb
xeerap01_mksysb           resources       mksysb
pocafasv03-mksysb         resources       mksysb
pggpdb01-mksysb           resources       mksysb
taprvio50-mksysb          resources       mksysb
taprvio51-mksysb          resources       mksysb
xaerap01-mksysb           resources       mksysb
qggpdb01-mksysb           resources       mksysb
dgomdb01-mksysb           resources       mksysb
pgomdb01-mksysb           resources       mksysb
pagi3p01_mksysb           resources       mksysb
dggtdb01-mksysb           resources       mksysb
dgimdb01-mksysb           resources       mksysb
dgbcdb01-mksysb           resources       mksysb
dgrmdb01-mksysb           resources       mksysb
tsdv1d01-mksysb           resources       mksysb
peerdb98-mksysb           resources       mksysb
kapil-mksysb              resources       mksysb
vios_2_2_50_20_golden     resources       mksysb
deerap01-mksysb           resources       mksysb
taqa1d01-mksysb           resources       mksysb
pafoap01-mksysb           resources       mksysb
xpgscdb1-mksysb           resources       mksysb
pafodb01-mksysb           resources       mksysb
ftp1-mksysb               resources       mksysb
TEDV2D01-mksysb           resources       mksysb
dgsndb01-mksysb           resources       mksysb
deerap98-mksysb           resources       mksysb
deerap99-mksysb           resources       mksysb
dgsodb01-mksysb           resources       mksysb
vios-2-2-6-30-mksysb      resources       mksysb
daerdb99-mksysb           resources       mksysb
tapr1d01-mksysb           resources       mksysb
vio-2-2-6-32-gold         resources       mksysb
daerdb01-mksysb           resources       mksysb
daerap99-mksysb           resources       mksysb

---- end ----

[Jan 16 2019, 07:18:16]



[Jan 16 2019, 07:19:30]

    Command_to_Execute follows below:
>> lsres()
{
	lsnim ${1:--c resources} 
	exit $?
}
lsres -t'spot'


    Output from Command_to_Execute follows below:

---- start ----

710TL05-03_spot                resources       spot
610TL07-05_spot                resources       spot
530TL12-01_spot                resources       spot
610TL09-05_spot                resources       spot
710TL02-02_spot                resources       spot
610TL09-06_spot                resources       spot
vios-2-2-3-3-spot              resources       spot
vio-2-2-3-52-spot              resources       spot
610TL09-05-withSDD_spot        resources       spot
710TL04-01_spot                resources       spot
vios-2-2-4-0-spot              resources       spot
710TL04-02_spot                resources       spot
taprvio50-spot                 resources       spot
taprvio20-spot                 resources       spot
taprvio51-spot                 resources       spot
vios_2_2_50_20_golden_spot     resources       spot
710TL05-01_spot                resources       spot
710TL05-02_spot                resources       spot
vio-2-2-6-30-spot              resources       spot
vios_2_2_6_32_spot             resources       spot

---- end ----

[Jan 16 2019, 07:19:30]



(Dialogue screen selected,
	FastPath    = "nim_lsres",
	id          = "nim_lsres",
	title       = "List All Network Install Resources".)


[Jan 16 2019, 07:20:03]

    Command_to_Execute follows below:
>> lsres()
{
	lsnim ${1:--c resources} 
	exit $?
}
lsres -t'bosinst_data'


    Output from Command_to_Execute follows below:

---- start ----

vios-2-2-6-32-bosinst_data      resources       bosinst_data
vios-2-2-3-3-bosinst_data       resources       bosinst_data
vios-2-2-4-0-bosinst_data       resources       bosinst_data
VIOS_2_2_50_20_bosinst_data     resources       bosinst_data
vios2_2_6_30_bosinst_data       resources       bosinst_data

---- end ----

[Jan 16 2019, 07:20:03]



[Jan 16 2019, 07:22:04]
    Exiting SMIT

